App is runing at http://127.0.0.1:8000
TypeError [ERR_INVALID_ARG_TYPE]: The "data" argument must be one of type string, TypedArray, or DataView. Received type undefined
    at Hash.update (internal/crypto/hash.js:58:11)
    at app.get (/root/dwz/app.js:24:38)
    at Layer.handle [as handle_request] (/root/dwz/node_modules/express/lib/router/layer.js:95:5)
    at next (/root/dwz/node_modules/express/lib/router/route.js:137:13)
    at Route.dispatch (/root/dwz/node_modules/express/lib/router/route.js:112:3)
    at Layer.handle [as handle_request] (/root/dwz/node_modules/express/lib/router/layer.js:95:5)
    at /root/dwz/node_modules/express/lib/router/index.js:281:22
    at Function.process_params (/root/dwz/node_modules/express/lib/router/index.js:335:12)
    at next (/root/dwz/node_modules/express/lib/router/index.js:275:10)
    at expressInit (/root/dwz/node_modules/express/lib/middleware/init.js:40:5)
INSERT new URL: $
TypeError [ERR_INVALID_ARG_TYPE]: The "data" argument must be one of type string, TypedArray, or DataView. Received type undefined
    at Hash.update (internal/crypto/hash.js:58:11)
    at app.get (/root/dwz/app.js:24:38)
    at Layer.handle [as handle_request] (/root/dwz/node_modules/express/lib/router/layer.js:95:5)
    at next (/root/dwz/node_modules/express/lib/router/route.js:137:13)
    at Route.dispatch (/root/dwz/node_modules/express/lib/router/route.js:112:3)
    at Layer.handle [as handle_request] (/root/dwz/node_modules/express/lib/router/layer.js:95:5)
    at /root/dwz/node_modules/express/lib/router/index.js:281:22
    at Function.process_params (/root/dwz/node_modules/express/lib/router/index.js:335:12)
    at next (/root/dwz/node_modules/express/lib/router/index.js:275:10)
    at expressInit (/root/dwz/node_modules/express/lib/middleware/init.js:40:5)
INSERT new URL: https://demos.run/debuger/index.html
https://demos.run/debuger/index.html
https://demos.run/debuger/index.html
https://demos.run/debuger/index.html
https://demos.run/debuger/index.html
https://demos.run/debuger/index.html
https://demos.run/debuger/index.html
INSERT new URL: $
https://demos.run/debuger/index.html
https://demos.run/debuger/index.html
https://demos.run/debuger/index.html
https://demos.run/debuger/index.html
https://demos.run/debuger/index.html
https://demos.run/debuger/index.html
https://demos.run/debuger/index.html
INSERT new URL: $
https://demos.run/debuger/index.html
https://demos.run/debuger/index.html
https://demos.run/debuger/index.html
https://demos.run/debuger/index.html
https://demos.run/debuger/index.html
https://demos.run/debuger/index.html
https://demos.run/debuger/index.html
https://demos.run/debuger/index.html
https://demos.run/debuger/index.html
https://demos.run/debuger/index.html
https://demos.run/debuger/index.html
https://demos.run/debuger/index.html
https://demos.run/debuger/index.html
https://demos.run/debuger/index.html
https://demos.run/debuger/index.html
https://demos.run/debuger/index.html
https://demos.run/debuger/index.html
https://demos.run/debuger/index.html
https://demos.run/debuger/index.html
https://demos.run/debuger/index.html
https://demos.run/debuger/index.html
https://demos.run/debuger/index.html
https://demos.run/debuger/index.html
https://demos.run/debuger/index.html
https://demos.run/debuger/index.html
https://demos.run/debuger/index.html
https://demos.run/debuger/index.html
https://demos.run/debuger/index.html
https://demos.run/debuger/index.html
https://demos.run/debuger/index.html
https://demos.run/debuger/index.html
https://demos.run/debuger/index.html
https://demos.run/debuger/index.html
https://demos.run/debuger/index.html
https://demos.run/debuger/index.html
https://demos.run/debuger/index.html
https://demos.run/debuger/index.html
https://demos.run/debuger/index.html
https://demos.run/debuger/index.html
https://demos.run/debuger/index.html
https://demos.run/debuger/index.html
https://demos.run/debuger/index.html
https://demos.run/debuger/index.html
https://demos.run/debuger/index.html
https://demos.run/debuger/index.html
https://demos.run/debuger/index.html
INSERT new URL: https://ta.ink
INSERT new URL: https://ta.ink
INSERT new URL: https://ta.ink
https://ta.ink
https://demos.run/debuger/index.html
https://demos.run/debuger/index.html
https://demos.run/debuger/index.html
https://demos.run/debuger/index.html
https://demos.run/debuger/index.html
https://demos.run/debuger/index.html
https://demos.run/debuger/index.html
https://demos.run/debuger/index.html
https://demos.run/debuger/index.html
https://demos.run/debuger/index.html
https://demos.run/debuger/index.html
https://demos.run/debuger/index.html
https://demos.run/debuger/index.html
https://demos.run/debuger/index.html
https://demos.run/debuger/index.html
https://demos.run/debuger/index.html
https://demos.run/debuger/index.html
https://demos.run/debuger/index.html
https://demos.run/debuger/index.html
https://demos.run/debuger/index.html
https://demos.run/debuger/index.html
https://demos.run/debuger/index.html
https://demos.run/debuger/index.html
https://demos.run/debuger/index.html
https://demos.run/debuger/index.html
https://demos.run/debuger/index.html
https://demos.run/debuger/index.html
https://demos.run/debuger/index.html
https://demos.run/debuger/index.html
https://demos.run/debuger/index.html
https://demos.run/debuger/index.html
https://demos.run/debuger/index.html
https://demos.run/debuger/index.html
https://demos.run/debuger/index.html
https://demos.run/debuger/index.html
https://demos.run/debuger/index.html
https://demos.run/debuger/index.html
https://demos.run/debuger/index.html
https://demos.run/debuger/index.html
https://demos.run/debuger/index.html
https://demos.run/debuger/index.html
https://demos.run/debuger/index.html
https://demos.run/debuger/index.html
https://demos.run/debuger/index.html
https://demos.run/debuger/index.html
https://demos.run/debuger/index.html
https://demos.run/debuger/index.html
https://demos.run/debuger/index.html
https://demos.run/debuger/index.html
https://demos.run/debuger/index.html
https://demos.run/debuger/index.html
https://demos.run/debuger/index.html
https://demos.run/debuger/index.html
https://demos.run/debuger/index.html
https://demos.run/debuger/index.html
https://demos.run/debuger/index.html
https://demos.run/debuger/index.html
https://demos.run/debuger/index.html
https://demos.run/debuger/index.html
https://demos.run/debuger/index.html
https://demos.run/debuger/index.html
https://demos.run/debuger/index.html
https://demos.run/debuger/index.html
https://demos.run/debuger/index.html
https://demos.run/debuger/index.html
https://demos.run/debuger/index.html
https://demos.run/debuger/index.html
https://demos.run/debuger/index.html
https://demos.run/debuger/index.html
https://demos.run/debuger/index.html
https://demos.run/debuger/index.html
https://demos.run/debuger/index.html
https://demos.run/debuger/index.html
https://demos.run/debuger/index.html
https://demos.run/debuger/index.html
https://demos.run/debuger/index.html
https://demos.run/debuger/index.html
https://demos.run/debuger/index.html
https://demos.run/debuger/index.html
https://demos.run/debuger/index.html
https://demos.run/debuger/index.html
https://demos.run/debuger/index.html
https://demos.run/debuger/index.html
https://demos.run/debuger/index.html
https://demos.run/debuger/index.html
https://demos.run/debuger/index.html
https://demos.run/debuger/index.html
https://demos.run/debuger/index.html
https://demos.run/debuger/index.html
https://demos.run/debuger/index.html
https://demos.run/debuger/index.html
https://demos.run/debuger/index.html
https://demos.run/debuger/index.html
https://demos.run/debuger/index.html
https://demos.run/debuger/index.html
https://demos.run/debuger/index.html
https://demos.run/debuger/index.html
https://demos.run/debuger/index.html
https://demos.run/debuger/index.html
https://demos.run/debuger/index.html
https://demos.run/debuger/index.html
https://demos.run/debuger/index.html
https://demos.run/debuger/index.html
https://demos.run/debuger/index.html
https://demos.run/debuger/index.html
https://demos.run/debuger/index.html
https://demos.run/debuger/index.html
https://demos.run/debuger/index.html
https://demos.run/debuger/index.html
https://demos.run/debuger/index.html
https://demos.run/debuger/index.html
https://demos.run/debuger/index.html
https://demos.run/debuger/index.html
https://demos.run/debuger/index.html
https://demos.run/debuger/index.html
https://demos.run/debuger/index.html
https://demos.run/debuger/index.html
https://demos.run/debuger/index.html
https://demos.run/debuger/index.html
https://demos.run/debuger/index.html
https://demos.run/debuger/index.html
https://demos.run/debuger/index.html
https://demos.run/debuger/index.html
https://demos.run/debuger/index.html
https://demos.run/debuger/index.html
https://demos.run/debuger/index.html
https://demos.run/debuger/index.html
https://demos.run/debuger/index.html
https://demos.run/debuger/index.html
https://demos.run/debuger/index.html
https://demos.run/debuger/index.html
https://demos.run/debuger/index.html
https://demos.run/debuger/index.html
https://demos.run/debuger/index.html
https://demos.run/debuger/index.html
https://demos.run/debuger/index.html
https://demos.run/debuger/index.html
https://demos.run/debuger/index.html
https://demos.run/debuger/index.html
https://demos.run/debuger/index.html
https://demos.run/debuger/index.html
https://demos.run/debuger/index.html
https://demos.run/debuger/index.html
https://demos.run/debuger/index.html
https://demos.run/debuger/index.html
https://demos.run/debuger/index.html
https://demos.run/debuger/index.html
https://demos.run/debuger/index.html
https://demos.run/debuger/index.html
https://demos.run/debuger/index.html
https://demos.run/debuger/index.html
https://demos.run/debuger/index.html
https://demos.run/debuger/index.html
https://demos.run/debuger/index.html
https://demos.run/debuger/index.html
https://demos.run/debuger/index.html
https://demos.run/debuger/index.html
https://demos.run/debuger/index.html
https://demos.run/debuger/index.html
https://demos.run/debuger/index.html
https://demos.run/debuger/index.html
https://demos.run/debuger/index.html
https://demos.run/debuger/index.html
https://demos.run/debuger/index.html
https://demos.run/debuger/index.html
https://demos.run/debuger/index.html
https://demos.run/debuger/index.html
https://demos.run/debuger/index.html
https://demos.run/debuger/index.html
https://demos.run/debuger/index.html
https://demos.run/debuger/index.html
https://demos.run/debuger/index.html
https://demos.run/debuger/index.html
https://demos.run/debuger/index.html
https://demos.run/debuger/index.html
https://demos.run/debuger/index.html
https://demos.run/debuger/index.html
https://demos.run/debuger/index.html
https://demos.run/debuger/index.html
https://demos.run/debuger/index.html
https://demos.run/debuger/index.html
https://demos.run/debuger/index.html
https://demos.run/debuger/index.html
https://demos.run/debuger/index.html
https://demos.run/debuger/index.html
https://demos.run/debuger/index.html
https://demos.run/debuger/index.html
https://demos.run/debuger/index.html
https://demos.run/debuger/index.html
https://demos.run/debuger/index.html
https://demos.run/debuger/index.html
https://demos.run/debuger/index.html
https://demos.run/debuger/index.html
https://demos.run/debuger/index.html
https://demos.run/debuger/index.html
https://demos.run/debuger/index.html
https://demos.run/debuger/index.html
https://demos.run/debuger/index.html
https://demos.run/debuger/index.html
https://demos.run/debuger/index.html
https://demos.run/debuger/index.html
https://demos.run/debuger/index.html
https://demos.run/debuger/index.html
https://demos.run/debuger/index.html
https://demos.run/debuger/index.html
https://demos.run/debuger/index.html
https://demos.run/debuger/index.html
https://demos.run/debuger/index.html
https://demos.run/debuger/index.html
https://demos.run/debuger/index.html
https://demos.run/debuger/index.html
https://demos.run/debuger/index.html
https://demos.run/debuger/index.html
https://demos.run/debuger/index.html
https://demos.run/debuger/index.html
https://demos.run/debuger/index.html
https://demos.run/debuger/index.html
https://demos.run/debuger/index.html
https://demos.run/debuger/index.html
https://demos.run/debuger/index.html
https://demos.run/debuger/index.html
https://demos.run/debuger/index.html
https://demos.run/debuger/index.html
https://demos.run/debuger/index.html
https://demos.run/debuger/index.html
https://demos.run/debuger/index.html
https://demos.run/debuger/index.html
https://demos.run/debuger/index.html
https://demos.run/debuger/index.html
https://demos.run/debuger/index.html
https://demos.run/debuger/index.html
https://demos.run/debuger/index.html
https://demos.run/debuger/index.html
https://demos.run/debuger/index.html
https://demos.run/debuger/index.html
https://demos.run/debuger/index.html
https://demos.run/debuger/index.html
https://demos.run/debuger/index.html
https://demos.run/debuger/index.html
https://demos.run/debuger/index.html
https://demos.run/debuger/index.html
https://demos.run/debuger/index.html
https://demos.run/debuger/index.html
https://demos.run/debuger/index.html
https://demos.run/debuger/index.html
https://demos.run/debuger/index.html
https://demos.run/debuger/index.html
https://demos.run/debuger/index.html
https://demos.run/debuger/index.html
https://demos.run/debuger/index.html
https://demos.run/debuger/index.html
https://demos.run/debuger/index.html
https://demos.run/debuger/index.html
https://demos.run/debuger/index.html
https://demos.run/debuger/index.html
https://demos.run/debuger/index.html
https://demos.run/debuger/index.html
https://demos.run/debuger/index.html
https://demos.run/debuger/index.html
https://demos.run/debuger/index.html
https://demos.run/debuger/index.html
https://demos.run/debuger/index.html
https://demos.run/debuger/index.html
https://demos.run/debuger/index.html
https://demos.run/debuger/index.html
https://demos.run/debuger/index.html
https://demos.run/debuger/index.html
https://demos.run/debuger/index.html
https://demos.run/debuger/index.html
https://demos.run/debuger/index.html
https://demos.run/debuger/index.html
https://demos.run/debuger/index.html
https://demos.run/debuger/index.html
https://demos.run/debuger/index.html
https://demos.run/debuger/index.html
https://demos.run/debuger/index.html
https://demos.run/debuger/index.html
https://demos.run/debuger/index.html
https://demos.run/debuger/index.html
https://demos.run/debuger/index.html
https://demos.run/debuger/index.html
https://demos.run/debuger/index.html
https://demos.run/debuger/index.html
https://demos.run/debuger/index.html
https://demos.run/debuger/index.html
https://demos.run/debuger/index.html
https://demos.run/debuger/index.html
https://demos.run/debuger/index.html
https://demos.run/debuger/index.html
https://demos.run/debuger/index.html
https://demos.run/debuger/index.html
https://demos.run/debuger/index.html
https://demos.run/debuger/index.html
https://demos.run/debuger/index.html
https://demos.run/debuger/index.html
https://demos.run/debuger/index.html
https://demos.run/debuger/index.html
https://demos.run/debuger/index.html
https://demos.run/debuger/index.html
https://demos.run/debuger/index.html
https://demos.run/debuger/index.html
https://demos.run/debuger/index.html
https://demos.run/debuger/index.html
https://demos.run/debuger/index.html
https://demos.run/debuger/index.html
https://demos.run/debuger/index.html
https://demos.run/debuger/index.html
https://demos.run/debuger/index.html
https://demos.run/debuger/index.html
https://demos.run/debuger/index.html
https://demos.run/debuger/index.html
https://demos.run/debuger/index.html
https://demos.run/debuger/index.html
https://demos.run/debuger/index.html
https://demos.run/debuger/index.html
https://demos.run/debuger/index.html
https://demos.run/debuger/index.html
https://demos.run/debuger/index.html
https://demos.run/debuger/index.html
https://demos.run/debuger/index.html
https://demos.run/debuger/index.html
https://demos.run/debuger/index.html
https://demos.run/debuger/index.html
https://demos.run/debuger/index.html
https://demos.run/debuger/index.html
https://demos.run/debuger/index.html
https://demos.run/debuger/index.html
https://demos.run/debuger/index.html
https://demos.run/debuger/index.html
https://demos.run/debuger/index.html
https://demos.run/debuger/index.html
https://demos.run/debuger/index.html
https://demos.run/debuger/index.html
https://demos.run/debuger/index.html
https://demos.run/debuger/index.html
https://demos.run/debuger/index.html
https://demos.run/debuger/index.html
https://demos.run/debuger/index.html
https://demos.run/debuger/index.html
https://demos.run/debuger/index.html
https://demos.run/debuger/index.html
https://demos.run/debuger/index.html
https://demos.run/debuger/index.html
https://demos.run/debuger/index.html
https://demos.run/debuger/index.html
https://demos.run/debuger/index.html
https://demos.run/debuger/index.html
https://demos.run/debuger/index.html
https://demos.run/debuger/index.html
https://demos.run/debuger/index.html
https://demos.run/debuger/index.html
https://demos.run/debuger/index.html
https://demos.run/debuger/index.html
https://demos.run/debuger/index.html
https://demos.run/debuger/index.html
https://demos.run/debuger/index.html
https://demos.run/debuger/index.html
https://demos.run/debuger/index.html
https://demos.run/debuger/index.html
https://demos.run/debuger/index.html
https://demos.run/debuger/index.html
https://demos.run/debuger/index.html
https://demos.run/debuger/index.html
https://demos.run/debuger/index.html
https://demos.run/debuger/index.html
https://demos.run/debuger/index.html
https://demos.run/debuger/index.html
https://demos.run/debuger/index.html
https://demos.run/debuger/index.html
https://demos.run/debuger/index.html
https://demos.run/debuger/index.html
https://demos.run/debuger/index.html
https://demos.run/debuger/index.html
https://demos.run/debuger/index.html
https://demos.run/debuger/index.html
https://demos.run/debuger/index.html
https://demos.run/debuger/index.html
https://demos.run/debuger/index.html
https://demos.run/debuger/index.html
https://demos.run/debuger/index.html
https://demos.run/debuger/index.html
https://demos.run/debuger/index.html
https://demos.run/debuger/index.html
https://demos.run/debuger/index.html
https://demos.run/debuger/index.html
https://demos.run/debuger/index.html
https://demos.run/debuger/index.html
https://demos.run/debuger/index.html
https://demos.run/debuger/index.html
https://demos.run/debuger/index.html
https://demos.run/debuger/index.html
https://demos.run/debuger/index.html
https://demos.run/debuger/index.html
https://demos.run/debuger/index.html
https://demos.run/debuger/index.html
https://demos.run/debuger/index.html
https://demos.run/debuger/index.html
https://demos.run/debuger/index.html
https://demos.run/debuger/index.html
https://demos.run/debuger/index.html
https://demos.run/debuger/index.html
https://demos.run/debuger/index.html
https://demos.run/debuger/index.html
https://demos.run/debuger/index.html
https://demos.run/debuger/index.html
https://demos.run/debuger/index.html
https://demos.run/debuger/index.html
https://demos.run/debuger/index.html
https://demos.run/debuger/index.html
https://demos.run/debuger/index.html
https://demos.run/debuger/index.html
https://demos.run/debuger/index.html
https://demos.run/debuger/index.html
https://demos.run/debuger/index.html
https://demos.run/debuger/index.html
https://demos.run/debuger/index.html
https://demos.run/debuger/index.html
https://demos.run/debuger/index.html
https://demos.run/debuger/index.html
https://demos.run/debuger/index.html
https://demos.run/debuger/index.html
https://demos.run/debuger/index.html
https://demos.run/debuger/index.html
https://demos.run/debuger/index.html
https://demos.run/debuger/index.html
https://demos.run/debuger/index.html
https://demos.run/debuger/index.html
https://demos.run/debuger/index.html
https://demos.run/debuger/index.html
https://demos.run/debuger/index.html
https://demos.run/debuger/index.html
https://demos.run/debuger/index.html
https://demos.run/debuger/index.html
https://demos.run/debuger/index.html
https://demos.run/debuger/index.html
https://demos.run/debuger/index.html
https://demos.run/debuger/index.html
https://demos.run/debuger/index.html
https://demos.run/debuger/index.html
https://demos.run/debuger/index.html
https://demos.run/debuger/index.html
https://demos.run/debuger/index.html
https://demos.run/debuger/index.html
https://demos.run/debuger/index.html
https://demos.run/debuger/index.html
https://demos.run/debuger/index.html
https://demos.run/debuger/index.html
https://demos.run/debuger/index.html
https://demos.run/debuger/index.html
https://demos.run/debuger/index.html
https://demos.run/debuger/index.html
https://demos.run/debuger/index.html
https://demos.run/debuger/index.html
https://demos.run/debuger/index.html
https://demos.run/debuger/index.html
https://demos.run/debuger/index.html
https://demos.run/debuger/index.html
https://demos.run/debuger/index.html
https://demos.run/debuger/index.html
https://demos.run/debuger/index.html
https://demos.run/debuger/index.html
https://demos.run/debuger/index.html
https://demos.run/debuger/index.html
https://demos.run/debuger/index.html
https://demos.run/debuger/index.html
https://demos.run/debuger/index.html
https://demos.run/debuger/index.html
https://demos.run/debuger/index.html
https://demos.run/debuger/index.html
https://demos.run/debuger/index.html
https://demos.run/debuger/index.html
https://demos.run/debuger/index.html
https://demos.run/debuger/index.html
https://demos.run/debuger/index.html
https://demos.run/debuger/index.html
https://demos.run/debuger/index.html
https://demos.run/debuger/index.html
https://demos.run/debuger/index.html
https://demos.run/debuger/index.html
https://demos.run/debuger/index.html
https://demos.run/debuger/index.html
https://demos.run/debuger/index.html
https://demos.run/debuger/index.html
https://demos.run/debuger/index.html
https://demos.run/debuger/index.html
https://demos.run/debuger/index.html
https://demos.run/debuger/index.html
https://demos.run/debuger/index.html
https://demos.run/debuger/index.html
https://demos.run/debuger/index.html
https://demos.run/debuger/index.html
https://demos.run/debuger/index.html
https://demos.run/debuger/index.html
https://demos.run/debuger/index.html
https://demos.run/debuger/index.html
https://demos.run/debuger/index.html
https://demos.run/debuger/index.html
https://demos.run/debuger/index.html
https://demos.run/debuger/index.html
https://demos.run/debuger/index.html
https://demos.run/debuger/index.html
https://demos.run/debuger/index.html
https://demos.run/debuger/index.html
https://demos.run/debuger/index.html
https://demos.run/debuger/index.html
https://demos.run/debuger/index.html
https://demos.run/debuger/index.html
https://demos.run/debuger/index.html
https://demos.run/debuger/index.html
https://demos.run/debuger/index.html
https://demos.run/debuger/index.html
https://demos.run/debuger/index.html
https://demos.run/debuger/index.html
https://demos.run/debuger/index.html
https://demos.run/debuger/index.html
https://demos.run/debuger/index.html
https://demos.run/debuger/index.html
https://demos.run/debuger/index.html
https://demos.run/debuger/index.html
https://demos.run/debuger/index.html
https://demos.run/debuger/index.html
https://demos.run/debuger/index.html
https://demos.run/debuger/index.html
https://demos.run/debuger/index.html
https://demos.run/debuger/index.html
https://demos.run/debuger/index.html
https://demos.run/debuger/index.html
https://demos.run/debuger/index.html
https://demos.run/debuger/index.html
https://demos.run/debuger/index.html
https://demos.run/debuger/index.html
https://demos.run/debuger/index.html
https://demos.run/debuger/index.html
https://demos.run/debuger/index.html
https://demos.run/debuger/index.html
https://demos.run/debuger/index.html
https://demos.run/debuger/index.html
https://demos.run/debuger/index.html
https://demos.run/debuger/index.html
https://demos.run/debuger/index.html
https://demos.run/debuger/index.html
https://demos.run/debuger/index.html
https://demos.run/debuger/index.html
https://demos.run/debuger/index.html
https://demos.run/debuger/index.html
https://demos.run/debuger/index.html
https://demos.run/debuger/index.html
https://demos.run/debuger/index.html
https://demos.run/debuger/index.html
https://demos.run/debuger/index.html
https://demos.run/debuger/index.html
https://demos.run/debuger/index.html
https://demos.run/debuger/index.html
https://demos.run/debuger/index.html
https://demos.run/debuger/index.html
https://demos.run/debuger/index.html
https://demos.run/debuger/index.html
https://demos.run/debuger/index.html
https://demos.run/debuger/index.html
https://demos.run/debuger/index.html
https://demos.run/debuger/index.html
https://demos.run/debuger/index.html
https://demos.run/debuger/index.html
https://demos.run/debuger/index.html
https://demos.run/debuger/index.html
https://demos.run/debuger/index.html
https://demos.run/debuger/index.html
https://demos.run/debuger/index.html
https://demos.run/debuger/index.html
https://demos.run/debuger/index.html
https://demos.run/debuger/index.html
https://demos.run/debuger/index.html
https://demos.run/debuger/index.html
https://demos.run/debuger/index.html
https://demos.run/debuger/index.html
https://demos.run/debuger/index.html
https://demos.run/debuger/index.html
https://demos.run/debuger/index.html
https://demos.run/debuger/index.html
https://demos.run/debuger/index.html
https://demos.run/debuger/index.html
https://demos.run/debuger/index.html
https://demos.run/debuger/index.html
https://demos.run/debuger/index.html
https://demos.run/debuger/index.html
https://demos.run/debuger/index.html
https://demos.run/debuger/index.html
https://demos.run/debuger/index.html
https://demos.run/debuger/index.html
https://demos.run/debuger/index.html
https://demos.run/debuger/index.html
https://demos.run/debuger/index.html
https://demos.run/debuger/index.html
https://demos.run/debuger/index.html
https://demos.run/debuger/index.html
https://demos.run/debuger/index.html
https://demos.run/debuger/index.html
https://demos.run/debuger/index.html
https://demos.run/debuger/index.html
https://demos.run/debuger/index.html
https://demos.run/debuger/index.html
https://demos.run/debuger/index.html
https://demos.run/debuger/index.html
https://demos.run/debuger/index.html
https://demos.run/debuger/index.html
https://demos.run/debuger/index.html
https://demos.run/debuger/index.html
https://demos.run/debuger/index.html
https://demos.run/debuger/index.html
https://demos.run/debuger/index.html
https://demos.run/debuger/index.html
https://demos.run/debuger/index.html
https://demos.run/debuger/index.html
https://demos.run/debuger/index.html
https://demos.run/debuger/index.html
https://demos.run/debuger/index.html
https://demos.run/debuger/index.html
https://demos.run/debuger/index.html
https://demos.run/debuger/index.html
https://demos.run/debuger/index.html
https://demos.run/debuger/index.html
https://demos.run/debuger/index.html
https://demos.run/debuger/index.html
https://demos.run/debuger/index.html
https://demos.run/debuger/index.html
https://demos.run/debuger/index.html
https://demos.run/debuger/index.html
https://demos.run/debuger/index.html
https://demos.run/debuger/index.html
https://demos.run/debuger/index.html
https://demos.run/debuger/index.html
https://demos.run/debuger/index.html
https://demos.run/debuger/index.html
https://demos.run/debuger/index.html
https://demos.run/debuger/index.html
https://demos.run/debuger/index.html
https://demos.run/debuger/index.html
https://demos.run/debuger/index.html
https://demos.run/debuger/index.html
https://demos.run/debuger/index.html
https://demos.run/debuger/index.html
https://demos.run/debuger/index.html
https://demos.run/debuger/index.html
https://demos.run/debuger/index.html
https://demos.run/debuger/index.html
https://demos.run/debuger/index.html
https://demos.run/debuger/index.html
https://demos.run/debuger/index.html
https://demos.run/debuger/index.html
https://demos.run/debuger/index.html
https://demos.run/debuger/index.html
https://demos.run/debuger/index.html
https://demos.run/debuger/index.html
https://demos.run/debuger/index.html
https://demos.run/debuger/index.html
https://demos.run/debuger/index.html
https://demos.run/debuger/index.html
https://demos.run/debuger/index.html
https://demos.run/debuger/index.html
https://demos.run/debuger/index.html
https://demos.run/debuger/index.html
https://demos.run/debuger/index.html
https://demos.run/debuger/index.html
https://demos.run/debuger/index.html
https://demos.run/debuger/index.html
https://demos.run/debuger/index.html
https://demos.run/debuger/index.html
https://demos.run/debuger/index.html
https://demos.run/debuger/index.html
https://demos.run/debuger/index.html
https://demos.run/debuger/index.html
https://demos.run/debuger/index.html
https://demos.run/debuger/index.html
https://demos.run/debuger/index.html
https://demos.run/debuger/index.html
https://demos.run/debuger/index.html
https://demos.run/debuger/index.html
https://demos.run/debuger/index.html
https://demos.run/debuger/index.html
https://demos.run/debuger/index.html
https://demos.run/debuger/index.html
https://demos.run/debuger/index.html
https://demos.run/debuger/index.html
https://demos.run/debuger/index.html
https://demos.run/debuger/index.html
https://demos.run/debuger/index.html
https://demos.run/debuger/index.html
https://demos.run/debuger/index.html
https://demos.run/debuger/index.html
https://demos.run/debuger/index.html
https://demos.run/debuger/index.html
https://demos.run/debuger/index.html
https://demos.run/debuger/index.html
https://demos.run/debuger/index.html
https://demos.run/debuger/index.html
https://demos.run/debuger/index.html
https://demos.run/debuger/index.html
https://demos.run/debuger/index.html
https://demos.run/debuger/index.html
https://demos.run/debuger/index.html
https://demos.run/debuger/index.html
https://demos.run/debuger/index.html
https://demos.run/debuger/index.html
https://demos.run/debuger/index.html
https://demos.run/debuger/index.html
https://demos.run/debuger/index.html
https://demos.run/debuger/index.html
https://demos.run/debuger/index.html
https://demos.run/debuger/index.html
https://demos.run/debuger/index.html
https://demos.run/debuger/index.html
INSERT new URL: $
https://demos.run/debuger/index.html
https://demos.run/debuger/index.html
https://demos.run/debuger/index.html
https://demos.run/debuger/index.html
https://demos.run/debuger/index.html
https://demos.run/debuger/index.html
https://demos.run/debuger/index.html
https://demos.run/debuger/index.html
https://demos.run/debuger/index.html
https://demos.run/debuger/index.html
https://demos.run/debuger/index.html
https://demos.run/debuger/index.html
https://demos.run/debuger/index.html
https://demos.run/debuger/index.html
https://demos.run/debuger/index.html
https://demos.run/debuger/index.html
https://demos.run/debuger/index.html
https://demos.run/debuger/index.html
https://demos.run/debuger/index.html
https://demos.run/debuger/index.html
https://demos.run/debuger/index.html
https://demos.run/debuger/index.html
https://demos.run/debuger/index.html
https://demos.run/debuger/index.html
https://demos.run/debuger/index.html
https://demos.run/debuger/index.html
https://demos.run/debuger/index.html
https://demos.run/debuger/index.html
https://demos.run/debuger/index.html
https://demos.run/debuger/index.html
https://demos.run/debuger/index.html
https://demos.run/debuger/index.html
URIError: Failed to decode param '%C0'
    at decodeURIComponent (<anonymous>)
    at decode_param (/root/dwz/node_modules/express/lib/router/layer.js:172:12)
    at Layer.match (/root/dwz/node_modules/express/lib/router/layer.js:148:15)
    at matchLayer (/root/dwz/node_modules/express/lib/router/index.js:574:18)
    at next (/root/dwz/node_modules/express/lib/router/index.js:220:15)
    at expressInit (/root/dwz/node_modules/express/lib/middleware/init.js:40:5)
    at Layer.handle [as handle_request] (/root/dwz/node_modules/express/lib/router/layer.js:95:5)
    at trim_prefix (/root/dwz/node_modules/express/lib/router/index.js:317:13)
    at /root/dwz/node_modules/express/lib/router/index.js:284:7
    at Function.process_params (/root/dwz/node_modules/express/lib/router/index.js:335:12)
URIError: Failed to decode param '%C0'
    at decodeURIComponent (<anonymous>)
    at decode_param (/root/dwz/node_modules/express/lib/router/layer.js:172:12)
    at Layer.match (/root/dwz/node_modules/express/lib/router/layer.js:148:15)
    at matchLayer (/root/dwz/node_modules/express/lib/router/index.js:574:18)
    at next (/root/dwz/node_modules/express/lib/router/index.js:220:15)
    at expressInit (/root/dwz/node_modules/express/lib/middleware/init.js:40:5)
    at Layer.handle [as handle_request] (/root/dwz/node_modules/express/lib/router/layer.js:95:5)
    at trim_prefix (/root/dwz/node_modules/express/lib/router/index.js:317:13)
    at /root/dwz/node_modules/express/lib/router/index.js:284:7
    at Function.process_params (/root/dwz/node_modules/express/lib/router/index.js:335:12)
URIError: Failed to decode param '%C0'
    at decodeURIComponent (<anonymous>)
    at decode_param (/root/dwz/node_modules/express/lib/router/layer.js:172:12)
    at Layer.match (/root/dwz/node_modules/express/lib/router/layer.js:148:15)
    at matchLayer (/root/dwz/node_modules/express/lib/router/index.js:574:18)
    at next (/root/dwz/node_modules/express/lib/router/index.js:220:15)
    at expressInit (/root/dwz/node_modules/express/lib/middleware/init.js:40:5)
    at Layer.handle [as handle_request] (/root/dwz/node_modules/express/lib/router/layer.js:95:5)
    at trim_prefix (/root/dwz/node_modules/express/lib/router/index.js:317:13)
    at /root/dwz/node_modules/express/lib/router/index.js:284:7
    at Function.process_params (/root/dwz/node_modules/express/lib/router/index.js:335:12)
URIError: Failed to decode param '%C0'
    at decodeURIComponent (<anonymous>)
    at decode_param (/root/dwz/node_modules/express/lib/router/layer.js:172:12)
    at Layer.match (/root/dwz/node_modules/express/lib/router/layer.js:148:15)
    at matchLayer (/root/dwz/node_modules/express/lib/router/index.js:574:18)
    at next (/root/dwz/node_modules/express/lib/router/index.js:220:15)
    at expressInit (/root/dwz/node_modules/express/lib/middleware/init.js:40:5)
    at Layer.handle [as handle_request] (/root/dwz/node_modules/express/lib/router/layer.js:95:5)
    at trim_prefix (/root/dwz/node_modules/express/lib/router/index.js:317:13)
    at /root/dwz/node_modules/express/lib/router/index.js:284:7
    at Function.process_params (/root/dwz/node_modules/express/lib/router/index.js:335:12)
https://demos.run/debuger/index.html
https://demos.run/debuger/index.html
https://demos.run/debuger/index.html
https://demos.run/debuger/index.html
https://demos.run/debuger/index.html
https://demos.run/debuger/index.html
https://demos.run/debuger/index.html
https://demos.run/debuger/index.html
TypeError [ERR_INVALID_ARG_TYPE]: The "data" argument must be one of type string, TypedArray, or DataView. Received type undefined
    at Hash.update (internal/crypto/hash.js:58:11)
    at app.get (/root/dwz/app.js:24:38)
    at Layer.handle [as handle_request] (/root/dwz/node_modules/express/lib/router/layer.js:95:5)
    at next (/root/dwz/node_modules/express/lib/router/route.js:137:13)
    at Route.dispatch (/root/dwz/node_modules/express/lib/router/route.js:112:3)
    at Layer.handle [as handle_request] (/root/dwz/node_modules/express/lib/router/layer.js:95:5)
    at /root/dwz/node_modules/express/lib/router/index.js:281:22
    at Function.process_params (/root/dwz/node_modules/express/lib/router/index.js:335:12)
    at next (/root/dwz/node_modules/express/lib/router/index.js:275:10)
    at expressInit (/root/dwz/node_modules/express/lib/middleware/init.js:40:5)
https://demos.run/debuger/index.html
https://demos.run/debuger/index.html
https://demos.run/debuger/index.html
https://demos.run/debuger/index.html
https://demos.run/debuger/index.html
https://demos.run/debuger/index.html
https://demos.run/debuger/index.html
https://demos.run/debuger/index.html
https://demos.run/debuger/index.html
https://demos.run/debuger/index.html
https://demos.run/debuger/index.html
https://demos.run/debuger/index.html
https://demos.run/debuger/index.html
https://demos.run/debuger/index.html
https://demos.run/debuger/index.html
https://demos.run/debuger/index.html
https://demos.run/debuger/index.html
https://demos.run/debuger/index.html
https://demos.run/debuger/index.html
https://demos.run/debuger/index.html
https://demos.run/debuger/index.html
https://demos.run/debuger/index.html
https://demos.run/debuger/index.html
https://demos.run/debuger/index.html
https://demos.run/debuger/index.html
https://demos.run/debuger/index.html
https://demos.run/debuger/index.html
https://demos.run/debuger/index.html
https://demos.run/debuger/index.html
https://demos.run/debuger/index.html
https://demos.run/debuger/index.html
https://demos.run/debuger/index.html
https://demos.run/debuger/index.html
https://demos.run/debuger/index.html
https://demos.run/debuger/index.html
https://demos.run/debuger/index.html
https://demos.run/debuger/index.html
https://demos.run/debuger/index.html
https://demos.run/debuger/index.html
https://demos.run/debuger/index.html
https://demos.run/debuger/index.html
https://demos.run/debuger/index.html
https://demos.run/debuger/index.html
https://demos.run/debuger/index.html
https://demos.run/debuger/index.html
https://demos.run/debuger/index.html
https://demos.run/debuger/index.html
https://demos.run/debuger/index.html
https://demos.run/debuger/index.html
https://demos.run/debuger/index.html
https://demos.run/debuger/index.html
https://demos.run/debuger/index.html
https://demos.run/debuger/index.html
https://demos.run/debuger/index.html
https://demos.run/debuger/index.html
https://demos.run/debuger/index.html
https://demos.run/debuger/index.html
https://demos.run/debuger/index.html
https://demos.run/debuger/index.html
https://demos.run/debuger/index.html
https://demos.run/debuger/index.html
https://demos.run/debuger/index.html
https://demos.run/debuger/index.html
https://demos.run/debuger/index.html
https://demos.run/debuger/index.html
https://demos.run/debuger/index.html
https://demos.run/debuger/index.html
https://demos.run/debuger/index.html
https://demos.run/debuger/index.html
https://demos.run/debuger/index.html
https://demos.run/debuger/index.html
https://demos.run/debuger/index.html
https://demos.run/debuger/index.html
https://demos.run/debuger/index.html
https://demos.run/debuger/index.html
https://demos.run/debuger/index.html
https://demos.run/debuger/index.html
https://demos.run/debuger/index.html
https://demos.run/debuger/index.html
https://demos.run/debuger/index.html
https://demos.run/debuger/index.html
https://demos.run/debuger/index.html
https://demos.run/debuger/index.html
https://demos.run/debuger/index.html
https://demos.run/debuger/index.html
https://demos.run/debuger/index.html
https://demos.run/debuger/index.html
https://demos.run/debuger/index.html
https://demos.run/debuger/index.html
https://demos.run/debuger/index.html
https://demos.run/debuger/index.html
https://demos.run/debuger/index.html
https://demos.run/debuger/index.html
https://demos.run/debuger/index.html
https://demos.run/debuger/index.html
https://demos.run/debuger/index.html
https://demos.run/debuger/index.html
https://demos.run/debuger/index.html
https://demos.run/debuger/index.html
https://demos.run/debuger/index.html
https://demos.run/debuger/index.html
https://demos.run/debuger/index.html
https://demos.run/debuger/index.html
https://demos.run/debuger/index.html
https://demos.run/debuger/index.html
TypeError [ERR_INVALID_ARG_TYPE]: The "data" argument must be one of type string, TypedArray, or DataView. Received type undefined
    at Hash.update (internal/crypto/hash.js:58:11)
    at app.get (/root/dwz/app.js:24:38)
    at Layer.handle [as handle_request] (/root/dwz/node_modules/express/lib/router/layer.js:95:5)
    at next (/root/dwz/node_modules/express/lib/router/route.js:137:13)
    at Route.dispatch (/root/dwz/node_modules/express/lib/router/route.js:112:3)
    at Layer.handle [as handle_request] (/root/dwz/node_modules/express/lib/router/layer.js:95:5)
    at /root/dwz/node_modules/express/lib/router/index.js:281:22
    at Function.process_params (/root/dwz/node_modules/express/lib/router/index.js:335:12)
    at next (/root/dwz/node_modules/express/lib/router/index.js:275:10)
    at expressInit (/root/dwz/node_modules/express/lib/middleware/init.js:40:5)
https://demos.run/debuger/index.html
https://demos.run/debuger/index.html
INSERT new URL: $
https://demos.run/debuger/index.html
https://demos.run/debuger/index.html
https://demos.run/debuger/index.html
https://demos.run/debuger/index.html
https://demos.run/debuger/index.html
https://demos.run/debuger/index.html
INSERT new URL: $
https://demos.run/debuger/index.html
https://demos.run/debuger/index.html
https://demos.run/debuger/index.html
https://demos.run/debuger/index.html
https://demos.run/debuger/index.html
https://demos.run/debuger/index.html
https://demos.run/debuger/index.html
https://demos.run/debuger/index.html
https://demos.run/debuger/index.html
https://demos.run/debuger/index.html
https://demos.run/debuger/index.html
https://demos.run/debuger/index.html
https://demos.run/debuger/index.html
https://demos.run/debuger/index.html
https://demos.run/debuger/index.html
https://demos.run/debuger/index.html
https://demos.run/debuger/index.html
https://demos.run/debuger/index.html
https://demos.run/debuger/index.html
https://demos.run/debuger/index.html
https://demos.run/debuger/index.html
https://demos.run/debuger/index.html
https://demos.run/debuger/index.html
https://demos.run/debuger/index.html
https://demos.run/debuger/index.html
https://demos.run/debuger/index.html
https://demos.run/debuger/index.html
INSERT new URL: http://ta.ink
http://ta.ink
https://demos.run/debuger/index.html
https://demos.run/debuger/index.html
https://demos.run/debuger/index.html
https://demos.run/debuger/index.html
https://demos.run/debuger/index.html
https://demos.run/debuger/index.html
https://demos.run/debuger/index.html
https://demos.run/debuger/index.html
https://demos.run/debuger/index.html
https://demos.run/debuger/index.html
https://demos.run/debuger/index.html
https://demos.run/debuger/index.html
https://demos.run/debuger/index.html
https://demos.run/debuger/index.html
https://demos.run/debuger/index.html
https://demos.run/debuger/index.html
https://demos.run/debuger/index.html
https://demos.run/debuger/index.html
https://demos.run/debuger/index.html
https://demos.run/debuger/index.html
https://demos.run/debuger/index.html
https://demos.run/debuger/index.html
https://demos.run/debuger/index.html
https://demos.run/debuger/index.html
https://demos.run/debuger/index.html
https://demos.run/debuger/index.html
https://demos.run/debuger/index.html
https://demos.run/debuger/index.html
https://demos.run/debuger/index.html
https://demos.run/debuger/index.html
https://demos.run/debuger/index.html
https://demos.run/debuger/index.html
https://demos.run/debuger/index.html
https://demos.run/debuger/index.html
https://demos.run/debuger/index.html
https://demos.run/debuger/index.html
https://demos.run/debuger/index.html
https://demos.run/debuger/index.html
https://demos.run/debuger/index.html
https://demos.run/debuger/index.html
https://demos.run/debuger/index.html
https://demos.run/debuger/index.html
https://demos.run/debuger/index.html
https://demos.run/debuger/index.html
INSERT new URL: $
https://demos.run/debuger/index.html
https://demos.run/debuger/index.html
https://demos.run/debuger/index.html
https://demos.run/debuger/index.html
https://demos.run/debuger/index.html
https://demos.run/debuger/index.html
https://demos.run/debuger/index.html
https://demos.run/debuger/index.html
https://demos.run/debuger/index.html
https://demos.run/debuger/index.html
https://demos.run/debuger/index.html
https://demos.run/debuger/index.html
https://demos.run/debuger/index.html
https://demos.run/debuger/index.html
https://demos.run/debuger/index.html
https://demos.run/debuger/index.html
https://demos.run/debuger/index.html
https://demos.run/debuger/index.html
https://demos.run/debuger/index.html
https://demos.run/debuger/index.html
https://demos.run/debuger/index.html
https://demos.run/debuger/index.html
https://demos.run/debuger/index.html
https://demos.run/debuger/index.html
https://demos.run/debuger/index.html
https://demos.run/debuger/index.html
https://demos.run/debuger/index.html
https://demos.run/debuger/index.html
https://demos.run/debuger/index.html
https://demos.run/debuger/index.html
https://demos.run/debuger/index.html
https://demos.run/debuger/index.html
https://demos.run/debuger/index.html
https://demos.run/debuger/index.html
https://demos.run/debuger/index.html
https://demos.run/debuger/index.html
https://demos.run/debuger/index.html
https://demos.run/debuger/index.html
https://demos.run/debuger/index.html
https://demos.run/debuger/index.html
https://demos.run/debuger/index.html
https://demos.run/debuger/index.html
https://demos.run/debuger/index.html
https://demos.run/debuger/index.html
https://demos.run/debuger/index.html
https://demos.run/debuger/index.html
https://demos.run/debuger/index.html
https://demos.run/debuger/index.html
https://demos.run/debuger/index.html
https://demos.run/debuger/index.html
https://demos.run/debuger/index.html
https://demos.run/debuger/index.html
https://demos.run/debuger/index.html
https://demos.run/debuger/index.html
https://demos.run/debuger/index.html
https://demos.run/debuger/index.html
https://demos.run/debuger/index.html
https://demos.run/debuger/index.html
https://demos.run/debuger/index.html
https://demos.run/debuger/index.html
https://demos.run/debuger/index.html
https://demos.run/debuger/index.html
https://demos.run/debuger/index.html
https://demos.run/debuger/index.html
https://demos.run/debuger/index.html
https://demos.run/debuger/index.html
https://demos.run/debuger/index.html
https://demos.run/debuger/index.html
https://demos.run/debuger/index.html
https://demos.run/debuger/index.html
https://demos.run/debuger/index.html
https://demos.run/debuger/index.html
https://demos.run/debuger/index.html
https://demos.run/debuger/index.html
https://demos.run/debuger/index.html
https://demos.run/debuger/index.html
https://demos.run/debuger/index.html
https://demos.run/debuger/index.html
https://demos.run/debuger/index.html
https://demos.run/debuger/index.html
https://demos.run/debuger/index.html
https://demos.run/debuger/index.html
https://demos.run/debuger/index.html
https://demos.run/debuger/index.html
https://demos.run/debuger/index.html
INSERT new URL: $
https://demos.run/debuger/index.html
https://demos.run/debuger/index.html
https://demos.run/debuger/index.html
https://demos.run/debuger/index.html
https://demos.run/debuger/index.html
https://demos.run/debuger/index.html
https://demos.run/debuger/index.html
https://demos.run/debuger/index.html
https://demos.run/debuger/index.html
https://demos.run/debuger/index.html
https://demos.run/debuger/index.html
https://demos.run/debuger/index.html
https://demos.run/debuger/index.html
https://demos.run/debuger/index.html
https://demos.run/debuger/index.html
https://demos.run/debuger/index.html
https://demos.run/debuger/index.html
https://demos.run/debuger/index.html
https://demos.run/debuger/index.html
https://demos.run/debuger/index.html
https://demos.run/debuger/index.html
https://demos.run/debuger/index.html
https://demos.run/debuger/index.html
https://demos.run/debuger/index.html
https://demos.run/debuger/index.html
https://demos.run/debuger/index.html
https://demos.run/debuger/index.html
https://demos.run/debuger/index.html
https://demos.run/debuger/index.html
https://demos.run/debuger/index.html
https://demos.run/debuger/index.html
https://demos.run/debuger/index.html
https://demos.run/debuger/index.html
https://demos.run/debuger/index.html
https://demos.run/debuger/index.html
INSERT new URL: $
https://demos.run/debuger/index.html
https://demos.run/debuger/index.html
https://demos.run/debuger/index.html
https://demos.run/debuger/index.html
https://demos.run/debuger/index.html
https://demos.run/debuger/index.html
https://demos.run/debuger/index.html
https://demos.run/debuger/index.html
/root/dwz/app.js:50
    if (error) throw error;
               ^

Error: read ETIMEDOUT
    at TCP.onStreamRead (internal/stream_base_commons.js:111:27)
    --------------------
    at Protocol._enqueue (/root/dwz/node_modules/mysql/lib/protocol/Protocol.js:144:48)
    at Connection.query (/root/dwz/node_modules/mysql/lib/Connection.js:198:25)
    at app.get (/root/dwz/app.js:49:14)
    at Layer.handle [as handle_request] (/root/dwz/node_modules/express/lib/router/layer.js:95:5)
    at next (/root/dwz/node_modules/express/lib/router/route.js:137:13)
    at Route.dispatch (/root/dwz/node_modules/express/lib/router/route.js:112:3)
    at Layer.handle [as handle_request] (/root/dwz/node_modules/express/lib/router/layer.js:95:5)
    at /root/dwz/node_modules/express/lib/router/index.js:281:22
    at param (/root/dwz/node_modules/express/lib/router/index.js:354:14)
    at param (/root/dwz/node_modules/express/lib/router/index.js:365:14)
App is runing at http://127.0.0.1:8000
/root/dwz/app.js:50
    if (error) throw error;
               ^

Error: connect ECONNREFUSED 82.157.168.130:3306
    at TCPConnectWrap.afterConnect [as oncomplete] (net.js:1107:14)
    --------------------
    at Protocol._enqueue (/root/dwz/node_modules/mysql/lib/protocol/Protocol.js:144:48)
    at Protocol.handshake (/root/dwz/node_modules/mysql/lib/protocol/Protocol.js:51:23)
    at Connection.connect (/root/dwz/node_modules/mysql/lib/Connection.js:116:18)
    at Connection._implyConnect (/root/dwz/node_modules/mysql/lib/Connection.js:454:10)
    at Connection.query (/root/dwz/node_modules/mysql/lib/Connection.js:196:8)
    at app.get (/root/dwz/app.js:49:14)
    at Layer.handle [as handle_request] (/root/dwz/node_modules/express/lib/router/layer.js:95:5)
    at next (/root/dwz/node_modules/express/lib/router/route.js:137:13)
    at Route.dispatch (/root/dwz/node_modules/express/lib/router/route.js:112:3)
    at Layer.handle [as handle_request] (/root/dwz/node_modules/express/lib/router/layer.js:95:5)
